{"C:\\xampp\\htdocs\\fs16-backend\\index.ts": {"path":"C:\\xampp\\htdocs\\fs16-backend\\index.ts","statementMap":{"0":{"start":{"line":1,"column":0},"end":{"line":1,"column":30}},"1":{"start":{"line":2,"column":0},"end":{"line":2,"column":28}},"2":{"start":{"line":6,"column":0},"end":{"line":6,"column":58}},"3":{"start":{"line":7,"column":0},"end":{"line":7,"column":61}},"4":{"start":{"line":8,"column":0},"end":{"line":8,"column":60}},"5":{"start":{"line":11,"column":0},"end":{"line":11,"column":51}},"6":{"start":{"line":12,"column":0},"end":{"line":12,"column":55}},"7":{"start":{"line":13,"column":0},"end":{"line":13,"column":45}},"8":{"start":{"line":14,"column":0},"end":{"line":14,"column":45}},"9":{"start":{"line":15,"column":0},"end":{"line":15,"column":43}},"10":{"start":{"line":16,"column":0},"end":{"line":16,"column":45}},"11":{"start":{"line":17,"column":0},"end":{"line":17,"column":43}},"12":{"start":{"line":20,"column":12},"end":{"line":20,"column":21}},"13":{"start":{"line":21,"column":13},"end":{"line":21,"column":17}},"14":{"start":{"line":22,"column":0},"end":{"line":22,"column":16}},"15":{"start":{"line":25,"column":0},"end":{"line":25,"column":24}},"16":{"start":{"line":26,"column":0},"end":{"line":26,"column":27}},"17":{"start":{"line":29,"column":0},"end":{"line":29,"column":43}},"18":{"start":{"line":30,"column":0},"end":{"line":30,"column":47}},"19":{"start":{"line":31,"column":0},"end":{"line":31,"column":37}},"20":{"start":{"line":32,"column":0},"end":{"line":32,"column":35}},"21":{"start":{"line":33,"column":0},"end":{"line":33,"column":37}},"22":{"start":{"line":34,"column":0},"end":{"line":34,"column":36}},"23":{"start":{"line":35,"column":0},"end":{"line":35,"column":38}},"24":{"start":{"line":37,"column":0},"end":{"line":37,"column":32}},"25":{"start":{"line":39,"column":0},"end":{"line":39,"column":28}},"26":{"start":{"line":42,"column":17},"end":{"line":42,"column":45}},"27":{"start":{"line":45,"column":0},"end":{"line":47,"column":3}},"28":{"start":{"line":46,"column":2},"end":{"line":46,"column":53}},"29":{"start":{"line":49,"column":0},"end":{"line":49,"column":19}}},"fnMap":{"0":{"name":"(anonymous_1)","decl":{"start":{"line":45,"column":17},"end":{"line":45,"column":20}},"loc":{"start":{"line":45,"column":22},"end":{"line":47,"column":1}}}},"branchMap":{},"s":{"0":1,"1":1,"2":1,"3":1,"4":1,"5":1,"6":1,"7":1,"8":1,"9":1,"10":1,"11":1,"12":1,"13":1,"14":1,"15":1,"16":1,"17":1,"18":1,"19":1,"20":1,"21":1,"22":1,"23":1,"24":1,"25":1,"26":1,"27":1,"28":1,"29":1},"f":{"0":1},"b":{}}
,"C:\\xampp\\htdocs\\fs16-backend\\controllers\\authController.ts": {"path":"C:\\xampp\\htdocs\\fs16-backend\\controllers\\authController.ts","statementMap":{"0":{"start":{"line":2,"column":0},"end":{"line":2,"column":38}},"1":{"start":{"line":3,"column":0},"end":{"line":3,"column":46}},"2":{"start":{"line":4,"column":0},"end":{"line":4,"column":28}},"3":{"start":{"line":5,"column":0},"end":{"line":5,"column":50}},"4":{"start":{"line":8,"column":0},"end":{"line":8,"column":50}},"5":{"start":{"line":12,"column":2},"end":{"line":34,"column":null}},"6":{"start":{"line":13,"column":32},"end":{"line":13,"column":40}},"7":{"start":{"line":14,"column":31},"end":{"line":20,"column":6}},"8":{"start":{"line":21,"column":4},"end":{"line":23,"column":null}},"9":{"start":{"line":22,"column":6},"end":{"line":22,"column":51}},"10":{"start":{"line":24,"column":18},"end":{"line":24,"column":63}},"11":{"start":{"line":25,"column":4},"end":{"line":27,"column":null}},"12":{"start":{"line":26,"column":6},"end":{"line":26,"column":56}},"13":{"start":{"line":28,"column":24},"end":{"line":28,"column":67}},"14":{"start":{"line":29,"column":25},"end":{"line":29,"column":69}},"15":{"start":{"line":30,"column":18},"end":{"line":30,"column":66}},"16":{"start":{"line":31,"column":4},"end":{"line":31,"column":56}},"17":{"start":{"line":33,"column":4},"end":{"line":33,"column":53}},"18":{"start":{"line":11,"column":0},"end":{"line":11,"column":22}},"19":{"start":{"line":42,"column":2},"end":{"line":51,"column":null}},"20":{"start":{"line":43,"column":21},"end":{"line":43,"column":49}},"21":{"start":{"line":44,"column":24},"end":{"line":44,"column":70}},"22":{"start":{"line":45,"column":4},"end":{"line":47,"column":null}},"23":{"start":{"line":46,"column":6},"end":{"line":46,"column":60}},"24":{"start":{"line":48,"column":4},"end":{"line":48,"column":26}},"25":{"start":{"line":50,"column":4},"end":{"line":50,"column":53}},"26":{"start":{"line":37,"column":0},"end":{"line":37,"column":22}},"27":{"start":{"line":59,"column":2},"end":{"line":64,"column":null}},"28":{"start":{"line":60,"column":20},"end":{"line":60,"column":51}},"29":{"start":{"line":61,"column":4},"end":{"line":61,"column":22}},"30":{"start":{"line":63,"column":4},"end":{"line":63,"column":54}},"31":{"start":{"line":54,"column":0},"end":{"line":54,"column":22}},"32":{"start":{"line":72,"column":2},"end":{"line":77,"column":null}},"33":{"start":{"line":73,"column":24},"end":{"line":73,"column":62}},"34":{"start":{"line":74,"column":4},"end":{"line":74,"column":26}},"35":{"start":{"line":76,"column":4},"end":{"line":76,"column":53}},"36":{"start":{"line":67,"column":0},"end":{"line":67,"column":22}},"37":{"start":{"line":85,"column":2},"end":{"line":91,"column":null}},"38":{"start":{"line":86,"column":45},"end":{"line":86,"column":53}},"39":{"start":{"line":87,"column":23},"end":{"line":87,"column":72}},"40":{"start":{"line":88,"column":4},"end":{"line":88,"column":37}},"41":{"start":{"line":90,"column":4},"end":{"line":90,"column":53}},"42":{"start":{"line":80,"column":0},"end":{"line":80,"column":22}},"43":{"start":{"line":93,"column":0},"end":{"line":98,"column":2}}},"fnMap":{"0":{"name":"login","decl":{"start":{"line":11,"column":22},"end":{"line":11,"column":27}},"loc":{"start":{"line":11,"column":75},"end":{"line":35,"column":null}}},"1":{"name":"getProfile","decl":{"start":{"line":37,"column":22},"end":{"line":37,"column":32}},"loc":{"start":{"line":40,"column":20},"end":{"line":52,"column":null}}},"2":{"name":"getAllUser","decl":{"start":{"line":54,"column":22},"end":{"line":54,"column":32}},"loc":{"start":{"line":57,"column":20},"end":{"line":65,"column":null}}},"3":{"name":"getAllPermissions","decl":{"start":{"line":67,"column":22},"end":{"line":67,"column":39}},"loc":{"start":{"line":70,"column":20},"end":{"line":78,"column":null}}},"4":{"name":"addPermission","decl":{"start":{"line":80,"column":22},"end":{"line":80,"column":35}},"loc":{"start":{"line":83,"column":20},"end":{"line":92,"column":null}}}},"branchMap":{"0":{"loc":{"start":{"line":21,"column":4},"end":{"line":23,"column":null}},"type":"if","locations":[{"start":{"line":21,"column":4},"end":{"line":23,"column":null}}]},"1":{"loc":{"start":{"line":25,"column":4},"end":{"line":27,"column":null}},"type":"if","locations":[{"start":{"line":25,"column":4},"end":{"line":27,"column":null}}]},"2":{"loc":{"start":{"line":44,"column":24},"end":{"line":44,"column":70}},"type":"binary-expr","locations":[{"start":{"line":44,"column":24},"end":{"line":44,"column":28}},{"start":{"line":44,"column":33},"end":{"line":44,"column":69}}]},"3":{"loc":{"start":{"line":45,"column":4},"end":{"line":47,"column":null}},"type":"if","locations":[{"start":{"line":45,"column":4},"end":{"line":47,"column":null}}]}},"s":{"0":1,"1":1,"2":1,"3":1,"4":1,"5":0,"6":0,"7":0,"8":0,"9":0,"10":0,"11":0,"12":0,"13":0,"14":0,"15":0,"16":0,"17":0,"18":1,"19":0,"20":0,"21":0,"22":0,"23":0,"24":0,"25":0,"26":1,"27":0,"28":0,"29":0,"30":0,"31":1,"32":0,"33":0,"34":0,"35":0,"36":1,"37":0,"38":0,"39":0,"40":0,"41":0,"42":1,"43":1},"f":{"0":0,"1":0,"2":0,"3":0,"4":0},"b":{"0":[0],"1":[0],"2":[0,0],"3":[0]}}
,"C:\\xampp\\htdocs\\fs16-backend\\services\\authService.ts": {"path":"C:\\xampp\\htdocs\\fs16-backend\\services\\authService.ts","statementMap":{"0":{"start":{"line":1,"column":0},"end":{"line":1,"column":40}},"1":{"start":{"line":3,"column":0},"end":{"line":3,"column":null}},"2":{"start":{"line":9,"column":0},"end":{"line":9,"column":40}},"3":{"start":{"line":13,"column":28},"end":{"line":23,"column":2}},"4":{"start":{"line":13,"column":50},"end":{"line":23,"column":2}},"5":{"start":{"line":14,"column":25},"end":{"line":14,"column":29}},"6":{"start":{"line":15,"column":44},"end":{"line":20,"column":4}},"7":{"start":{"line":21,"column":18},"end":{"line":21,"column":56}},"8":{"start":{"line":22,"column":2},"end":{"line":22,"column":66}},"9":{"start":{"line":26,"column":29},"end":{"line":34,"column":2}},"10":{"start":{"line":26,"column":51},"end":{"line":34,"column":2}},"11":{"start":{"line":27,"column":44},"end":{"line":32,"column":4}},"12":{"start":{"line":33,"column":2},"end":{"line":33,"column":58}},"13":{"start":{"line":38,"column":19},"end":{"line":38,"column":53}},"14":{"start":{"line":39,"column":2},"end":{"line":39,"column":31}},"15":{"start":{"line":43,"column":20},"end":{"line":49,"column":1}},"16":{"start":{"line":44,"column":2},"end":{"line":48,"column":null}},"17":{"start":{"line":45,"column":4},"end":{"line":45,"column":74}},"18":{"start":{"line":47,"column":4},"end":{"line":47,"column":16}},"19":{"start":{"line":51,"column":0},"end":{"line":56,"column":2}}},"fnMap":{"0":{"name":"(anonymous_8)","decl":{"start":{"line":13,"column":28},"end":{"line":13,"column":35}},"loc":{"start":{"line":13,"column":50},"end":{"line":23,"column":2}}},"1":{"name":"(anonymous_9)","decl":{"start":{"line":13,"column":50},"end":{"line":13,"column":null}},"loc":{"start":{"line":13,"column":50},"end":{"line":23,"column":1}}},"2":{"name":"(anonymous_10)","decl":{"start":{"line":26,"column":29},"end":{"line":26,"column":36}},"loc":{"start":{"line":26,"column":51},"end":{"line":34,"column":2}}},"3":{"name":"(anonymous_11)","decl":{"start":{"line":26,"column":51},"end":{"line":26,"column":null}},"loc":{"start":{"line":26,"column":51},"end":{"line":34,"column":1}}},"4":{"name":"saveRefreshToken","decl":{"start":{"line":37,"column":15},"end":{"line":37,"column":31}},"loc":{"start":{"line":37,"column":45},"end":{"line":40,"column":null}}},"5":{"name":"(anonymous_14)","decl":{"start":{"line":43,"column":20},"end":{"line":43,"column":21}},"loc":{"start":{"line":43,"column":54},"end":{"line":49,"column":1}}}},"branchMap":{},"s":{"0":1,"1":1,"2":1,"3":1,"4":0,"5":0,"6":0,"7":0,"8":0,"9":1,"10":0,"11":0,"12":0,"13":0,"14":0,"15":1,"16":0,"17":0,"18":0,"19":1},"f":{"0":0,"1":0,"2":0,"3":0,"4":0,"5":0},"b":{}}
,"C:\\xampp\\htdocs\\fs16-backend\\services\\cartService.ts": {"path":"C:\\xampp\\htdocs\\fs16-backend\\services\\cartService.ts","statementMap":{"0":{"start":{"line":5,"column":0},"end":{"line":5,"column":38}},"1":{"start":{"line":9,"column":2},"end":{"line":9,"column":64}},"2":{"start":{"line":16,"column":27},"end":{"line":19,"column":4}},"3":{"start":{"line":20,"column":2},"end":{"line":20,"column":26}},"4":{"start":{"line":24,"column":2},"end":{"line":24,"column":74}},"5":{"start":{"line":28,"column":2},"end":{"line":28,"column":43}},"6":{"start":{"line":35,"column":2},"end":{"line":39,"column":22}},"7":{"start":{"line":46,"column":22},"end":{"line":48,"column":null}},"8":{"start":{"line":50,"column":2},"end":{"line":50,"column":34}},"9":{"start":{"line":57,"column":2},"end":{"line":59,"column":5}},"10":{"start":{"line":63,"column":2},"end":{"line":63,"column":46}},"11":{"start":{"line":70,"column":2},"end":{"line":70,"column":72}},"12":{"start":{"line":73,"column":0},"end":{"line":83,"column":2}}},"fnMap":{"0":{"name":"findAll","decl":{"start":{"line":8,"column":15},"end":{"line":8,"column":22}},"loc":{"start":{"line":8,"column":22},"end":{"line":10,"column":null}}},"1":{"name":"findCartItemByProductIdUserId","decl":{"start":{"line":12,"column":15},"end":{"line":12,"column":44}},"loc":{"start":{"line":14,"column":31},"end":{"line":21,"column":null}}},"2":{"name":"findSingleCart","decl":{"start":{"line":23,"column":15},"end":{"line":23,"column":29}},"loc":{"start":{"line":23,"column":44},"end":{"line":25,"column":null}}},"3":{"name":"findCartItemsByUserId","decl":{"start":{"line":27,"column":15},"end":{"line":27,"column":36}},"loc":{"start":{"line":27,"column":68},"end":{"line":29,"column":null}}},"4":{"name":"findCartItemsByUserIdAndItemIds","decl":{"start":{"line":31,"column":15},"end":{"line":31,"column":46}},"loc":{"start":{"line":33,"column":38},"end":{"line":40,"column":null}}},"5":{"name":"addToCart","decl":{"start":{"line":42,"column":15},"end":{"line":42,"column":24}},"loc":{"start":{"line":44,"column":23},"end":{"line":51,"column":null}}},"6":{"name":"updateCartQuantity","decl":{"start":{"line":53,"column":15},"end":{"line":53,"column":33}},"loc":{"start":{"line":55,"column":18},"end":{"line":60,"column":null}}},"7":{"name":"deleteCartById","decl":{"start":{"line":62,"column":15},"end":{"line":62,"column":29}},"loc":{"start":{"line":62,"column":61},"end":{"line":64,"column":null}}},"8":{"name":"deleteCartItemsByUserIdAndItemIds","decl":{"start":{"line":66,"column":15},"end":{"line":66,"column":48}},"loc":{"start":{"line":68,"column":38},"end":{"line":71,"column":null}}}},"branchMap":{},"s":{"0":1,"1":0,"2":0,"3":0,"4":0,"5":0,"6":0,"7":0,"8":0,"9":0,"10":0,"11":0,"12":1},"f":{"0":0,"1":0,"2":0,"3":0,"4":0,"5":0,"6":0,"7":0,"8":0},"b":{}}
,"C:\\xampp\\htdocs\\fs16-backend\\services\\categoryService.ts": {"path":"C:\\xampp\\htdocs\\fs16-backend\\services\\categoryService.ts","statementMap":{"0":{"start":{"line":5,"column":0},"end":{"line":5,"column":46}},"1":{"start":{"line":6,"column":0},"end":{"line":6,"column":44}},"2":{"start":{"line":9,"column":2},"end":{"line":9,"column":45}},"3":{"start":{"line":13,"column":19},"end":{"line":13,"column":54}},"4":{"start":{"line":14,"column":2},"end":{"line":14,"column":18}},"5":{"start":{"line":18,"column":22},"end":{"line":18,"column":44}},"6":{"start":{"line":19,"column":2},"end":{"line":19,"column":34}},"7":{"start":{"line":26,"column":26},"end":{"line":31,"column":null}},"8":{"start":{"line":33,"column":2},"end":{"line":33,"column":25}},"9":{"start":{"line":37,"column":19},"end":{"line":37,"column":63}},"10":{"start":{"line":38,"column":2},"end":{"line":38,"column":18}},"11":{"start":{"line":41,"column":30},"end":{"line":52,"column":2}},"12":{"start":{"line":45,"column":4},"end":{"line":52,"column":2}},"13":{"start":{"line":46,"column":2},"end":{"line":51,"column":12}},"14":{"start":{"line":54,"column":0},"end":{"line":61,"column":2}}},"fnMap":{"0":{"name":"findAll","decl":{"start":{"line":8,"column":15},"end":{"line":8,"column":22}},"loc":{"start":{"line":8,"column":22},"end":{"line":10,"column":null}}},"1":{"name":"findOne","decl":{"start":{"line":12,"column":15},"end":{"line":12,"column":22}},"loc":{"start":{"line":12,"column":58},"end":{"line":15,"column":null}}},"2":{"name":"createOne","decl":{"start":{"line":17,"column":15},"end":{"line":17,"column":24}},"loc":{"start":{"line":17,"column":50},"end":{"line":20,"column":null}}},"3":{"name":"updateCategory","decl":{"start":{"line":22,"column":15},"end":{"line":22,"column":29}},"loc":{"start":{"line":24,"column":27},"end":{"line":34,"column":null}}},"4":{"name":"deleteCategory","decl":{"start":{"line":36,"column":15},"end":{"line":36,"column":29}},"loc":{"start":{"line":36,"column":65},"end":{"line":39,"column":null}}},"5":{"name":"(anonymous_17)","decl":{"start":{"line":41,"column":30},"end":{"line":41,"column":null}},"loc":{"start":{"line":45,"column":4},"end":{"line":52,"column":2}}},"6":{"name":"(anonymous_18)","decl":{"start":{"line":45,"column":4},"end":{"line":45,"column":null}},"loc":{"start":{"line":45,"column":4},"end":{"line":52,"column":1}}}},"branchMap":{},"s":{"0":1,"1":1,"2":1,"3":0,"4":0,"5":1,"6":1,"7":0,"8":0,"9":0,"10":0,"11":1,"12":0,"13":0,"14":1},"f":{"0":1,"1":0,"2":1,"3":0,"4":0,"5":0,"6":0},"b":{}}
,"C:\\xampp\\htdocs\\fs16-backend\\services\\orderService.ts": {"path":"C:\\xampp\\htdocs\\fs16-backend\\services\\orderService.ts","statementMap":{"0":{"start":{"line":2,"column":0},"end":{"line":2,"column":40}},"1":{"start":{"line":5,"column":0},"end":{"line":5,"column":55}},"2":{"start":{"line":10,"column":2},"end":{"line":30,"column":16}},"3":{"start":{"line":35,"column":2},"end":{"line":52,"column":7}},"4":{"start":{"line":60,"column":14},"end":{"line":66,"column":4}},"5":{"start":{"line":67,"column":2},"end":{"line":67,"column":21}},"6":{"start":{"line":68,"column":2},"end":{"line":68,"column":15}},"7":{"start":{"line":77,"column":17},"end":{"line":99,"column":15}},"8":{"start":{"line":100,"column":2},"end":{"line":100,"column":16}},"9":{"start":{"line":109,"column":21},"end":{"line":118,"column":4}},"10":{"start":{"line":119,"column":2},"end":{"line":119,"column":28}},"11":{"start":{"line":120,"column":2},"end":{"line":120,"column":22}},"12":{"start":{"line":123,"column":0},"end":{"line":129,"column":2}}},"fnMap":{"0":{"name":"findAll","decl":{"start":{"line":9,"column":15},"end":{"line":9,"column":22}},"loc":{"start":{"line":9,"column":64},"end":{"line":31,"column":null}}},"1":{"name":"findById","decl":{"start":{"line":34,"column":15},"end":{"line":34,"column":23}},"loc":{"start":{"line":34,"column":56},"end":{"line":53,"column":null}}},"2":{"name":"createOne","decl":{"start":{"line":55,"column":15},"end":{"line":55,"column":24}},"loc":{"start":{"line":58,"column":29},"end":{"line":69,"column":null}}},"3":{"name":"filterOrderByStatus","decl":{"start":{"line":71,"column":15},"end":{"line":71,"column":34}},"loc":{"start":{"line":75,"column":16},"end":{"line":101,"column":null}}},"4":{"name":"createOrderProduct","decl":{"start":{"line":103,"column":15},"end":{"line":103,"column":33}},"loc":{"start":{"line":107,"column":18},"end":{"line":121,"column":null}}}},"branchMap":{},"s":{"0":1,"1":1,"2":0,"3":0,"4":0,"5":0,"6":0,"7":0,"8":0,"9":0,"10":0,"11":0,"12":1},"f":{"0":0,"1":0,"2":0,"3":0,"4":0},"b":{}}
,"C:\\xampp\\htdocs\\fs16-backend\\services\\sizeService.ts": {"path":"C:\\xampp\\htdocs\\fs16-backend\\services\\sizeService.ts","statementMap":{"0":{"start":{"line":2,"column":0},"end":{"line":2,"column":38}},"1":{"start":{"line":8,"column":2},"end":{"line":8,"column":34}},"2":{"start":{"line":12,"column":18},"end":{"line":12,"column":32}},"3":{"start":{"line":13,"column":2},"end":{"line":13,"column":30}},"4":{"start":{"line":16,"column":0},"end":{"line":19,"column":2}}},"fnMap":{"0":{"name":"findAll","decl":{"start":{"line":7,"column":15},"end":{"line":7,"column":22}},"loc":{"start":{"line":7,"column":22},"end":{"line":9,"column":null}}},"1":{"name":"createOne","decl":{"start":{"line":11,"column":15},"end":{"line":11,"column":24}},"loc":{"start":{"line":11,"column":42},"end":{"line":14,"column":null}}}},"branchMap":{},"s":{"0":1,"1":0,"2":0,"3":0,"4":1},"f":{"0":0,"1":0},"b":{}}
,"C:\\xampp\\htdocs\\fs16-backend\\services\\userService.ts": {"path":"C:\\xampp\\htdocs\\fs16-backend\\services\\userService.ts","statementMap":{"0":{"start":{"line":7,"column":0},"end":{"line":7,"column":38}},"1":{"start":{"line":9,"column":0},"end":{"line":9,"column":50}},"2":{"start":{"line":12,"column":2},"end":{"line":18,"column":5}},"3":{"start":{"line":22,"column":2},"end":{"line":22,"column":57}},"4":{"start":{"line":26,"column":2},"end":{"line":26,"column":39}},"5":{"start":{"line":30,"column":18},"end":{"line":30,"column":32}},"6":{"start":{"line":31,"column":2},"end":{"line":31,"column":30}},"7":{"start":{"line":35,"column":2},"end":{"line":35,"column":46}},"8":{"start":{"line":41,"column":2},"end":{"line":43,"column":5}},"9":{"start":{"line":47,"column":24},"end":{"line":47,"column":50}},"10":{"start":{"line":48,"column":2},"end":{"line":48,"column":36}},"11":{"start":{"line":52,"column":2},"end":{"line":52,"column":47}},"12":{"start":{"line":55,"column":0},"end":{"line":64,"column":2}}},"fnMap":{"0":{"name":"findAllUser","decl":{"start":{"line":11,"column":15},"end":{"line":11,"column":26}},"loc":{"start":{"line":11,"column":26},"end":{"line":19,"column":null}}},"1":{"name":"findById","decl":{"start":{"line":21,"column":15},"end":{"line":21,"column":23}},"loc":{"start":{"line":21,"column":55},"end":{"line":23,"column":null}}},"2":{"name":"findByEmail","decl":{"start":{"line":25,"column":15},"end":{"line":25,"column":26}},"loc":{"start":{"line":25,"column":40},"end":{"line":27,"column":null}}},"3":{"name":"createUser","decl":{"start":{"line":29,"column":15},"end":{"line":29,"column":25}},"loc":{"start":{"line":29,"column":43},"end":{"line":32,"column":null}}},"4":{"name":"deleteUser","decl":{"start":{"line":34,"column":15},"end":{"line":34,"column":25}},"loc":{"start":{"line":34,"column":57},"end":{"line":36,"column":null}}},"5":{"name":"updateUserInfo","decl":{"start":{"line":37,"column":15},"end":{"line":37,"column":29}},"loc":{"start":{"line":39,"column":19},"end":{"line":44,"column":null}}},"6":{"name":"createPermission","decl":{"start":{"line":46,"column":15},"end":{"line":46,"column":31}},"loc":{"start":{"line":46,"column":61},"end":{"line":49,"column":null}}},"7":{"name":"findAllPermissions","decl":{"start":{"line":51,"column":15},"end":{"line":51,"column":33}},"loc":{"start":{"line":51,"column":33},"end":{"line":53,"column":null}}}},"branchMap":{},"s":{"0":1,"1":1,"2":0,"3":0,"4":0,"5":0,"6":0,"7":0,"8":0,"9":0,"10":0,"11":0,"12":1},"f":{"0":0,"1":0,"2":0,"3":0,"4":0,"5":0,"6":0,"7":0},"b":{}}
,"C:\\xampp\\htdocs\\fs16-backend\\test\\db-server.ts": {"path":"C:\\xampp\\htdocs\\fs16-backend\\test\\db-server.ts","statementMap":{"0":{"start":{"line":1,"column":0},"end":{"line":1,"column":58}},"1":{"start":{"line":2,"column":0},"end":{"line":2,"column":32}},"2":{"start":{"line":5,"column":17},"end":{"line":5,"column":49}},"3":{"start":{"line":6,"column":14},"end":{"line":6,"column":35}},"4":{"start":{"line":8,"column":2},"end":{"line":8,"column":30}},"5":{"start":{"line":10,"column":2},"end":{"line":25,"column":4}},"6":{"start":{"line":11,"column":30},"end":{"line":16,"column":null}},"7":{"start":{"line":12,"column":6},"end":{"line":12,"column":47}},"8":{"start":{"line":13,"column":6},"end":{"line":13,"column":40}},"9":{"start":{"line":15,"column":6},"end":{"line":15,"column":26}},"10":{"start":{"line":17,"column":30},"end":{"line":24,"column":null}},"11":{"start":{"line":18,"column":26},"end":{"line":18,"column":57}},"12":{"start":{"line":20,"column":6},"end":{"line":23,"column":null}},"13":{"start":{"line":21,"column":27},"end":{"line":21,"column":43}},"14":{"start":{"line":22,"column":8},"end":{"line":22,"column":34}},"15":{"start":{"line":28,"column":0},"end":{"line":28,"column":23}}},"fnMap":{"0":{"name":"connect","decl":{"start":{"line":4,"column":15},"end":{"line":4,"column":22}},"loc":{"start":{"line":4,"column":22},"end":{"line":26,"column":null}}},"1":{"name":"(anonymous_10)","decl":{"start":{"line":11,"column":19},"end":{"line":11,"column":28}},"loc":{"start":{"line":11,"column":30},"end":{"line":16,"column":null}}},"2":{"name":"(anonymous_11)","decl":{"start":{"line":11,"column":30},"end":{"line":11,"column":null}},"loc":{"start":{"line":11,"column":30},"end":{"line":16,"column":5}}},"3":{"name":"(anonymous_12)","decl":{"start":{"line":17,"column":19},"end":{"line":17,"column":28}},"loc":{"start":{"line":17,"column":30},"end":{"line":24,"column":null}}},"4":{"name":"(anonymous_13)","decl":{"start":{"line":17,"column":30},"end":{"line":17,"column":null}},"loc":{"start":{"line":17,"column":30},"end":{"line":24,"column":5}}}},"branchMap":{},"s":{"0":1,"1":1,"2":1,"3":1,"4":1,"5":1,"6":1,"7":1,"8":1,"9":1,"10":1,"11":1,"12":1,"13":9,"14":9,"15":1},"f":{"0":1,"1":1,"2":1,"3":1,"4":1},"b":{}}
}
