TN:
SF:index.ts
FN:45,(anonymous_1)
FNF:1
FNH:1
FNDA:1,(anonymous_1)
DA:1,1
DA:2,1
DA:6,1
DA:7,1
DA:8,1
DA:11,1
DA:12,1
DA:13,1
DA:14,1
DA:15,1
DA:16,1
DA:17,1
DA:20,1
DA:21,1
DA:22,1
DA:25,1
DA:26,1
DA:29,1
DA:30,1
DA:31,1
DA:32,1
DA:33,1
DA:34,1
DA:35,1
DA:37,1
DA:39,1
DA:42,1
DA:45,1
DA:46,1
DA:49,1
LF:30
LH:30
BRF:0
BRH:0
end_of_record
TN:
SF:controllers\authController.ts
FN:11,login
FN:37,getProfile
FN:54,getAllUser
FN:67,getAllPermissions
FN:80,addPermission
FNF:5
FNH:0
FNDA:0,login
FNDA:0,getProfile
FNDA:0,getAllUser
FNDA:0,getAllPermissions
FNDA:0,addPermission
DA:2,1
DA:3,1
DA:4,1
DA:5,1
DA:8,1
DA:11,1
DA:12,0
DA:13,0
DA:14,0
DA:21,0
DA:22,0
DA:24,0
DA:25,0
DA:26,0
DA:28,0
DA:29,0
DA:30,0
DA:31,0
DA:33,0
DA:37,1
DA:42,0
DA:43,0
DA:44,0
DA:45,0
DA:46,0
DA:48,0
DA:50,0
DA:54,1
DA:59,0
DA:60,0
DA:61,0
DA:63,0
DA:67,1
DA:72,0
DA:73,0
DA:74,0
DA:76,0
DA:80,1
DA:85,0
DA:86,0
DA:87,0
DA:88,0
DA:90,0
DA:93,1
LF:44
LH:11
BRDA:21,0,0,0
BRDA:25,1,0,0
BRDA:44,2,0,0
BRDA:44,2,1,0
BRDA:45,3,0,0
BRF:5
BRH:0
end_of_record
TN:
SF:services\authService.ts
FN:13,(anonymous_8)
FN:13,(anonymous_9)
FN:26,(anonymous_10)
FN:26,(anonymous_11)
FN:37,saveRefreshToken
FN:43,(anonymous_14)
FNF:6
FNH:0
FNDA:0,(anonymous_8)
FNDA:0,(anonymous_9)
FNDA:0,(anonymous_10)
FNDA:0,(anonymous_11)
FNDA:0,saveRefreshToken
FNDA:0,(anonymous_14)
DA:1,1
DA:3,1
DA:9,1
DA:13,1
DA:14,0
DA:15,0
DA:21,0
DA:22,0
DA:26,1
DA:27,0
DA:33,0
DA:38,0
DA:39,0
DA:43,1
DA:44,0
DA:45,0
DA:47,0
DA:51,1
LF:18
LH:7
BRF:0
BRH:0
end_of_record
TN:
SF:services\cartService.ts
FN:8,findAll
FN:12,findCartItemByProductIdUserId
FN:23,findSingleCart
FN:27,findCartItemsByUserId
FN:31,findCartItemsByUserIdAndItemIds
FN:42,addToCart
FN:53,updateCartQuantity
FN:62,deleteCartById
FN:66,deleteCartItemsByUserIdAndItemIds
FNF:9
FNH:0
FNDA:0,findAll
FNDA:0,findCartItemByProductIdUserId
FNDA:0,findSingleCart
FNDA:0,findCartItemsByUserId
FNDA:0,findCartItemsByUserIdAndItemIds
FNDA:0,addToCart
FNDA:0,updateCartQuantity
FNDA:0,deleteCartById
FNDA:0,deleteCartItemsByUserIdAndItemIds
DA:5,1
DA:9,0
DA:16,0
DA:20,0
DA:24,0
DA:28,0
DA:35,0
DA:46,0
DA:50,0
DA:57,0
DA:63,0
DA:70,0
DA:73,1
LF:13
LH:2
BRF:0
BRH:0
end_of_record
TN:
SF:services\categoryService.ts
FN:8,findAll
FN:12,findOne
FN:17,createOne
FN:22,updateCategory
FN:36,deleteCategory
FN:41,(anonymous_17)
FN:45,(anonymous_18)
FNF:7
FNH:2
FNDA:1,findAll
FNDA:0,findOne
FNDA:1,createOne
FNDA:0,updateCategory
FNDA:0,deleteCategory
FNDA:0,(anonymous_17)
FNDA:0,(anonymous_18)
DA:5,1
DA:6,1
DA:9,1
DA:13,0
DA:14,0
DA:18,1
DA:19,1
DA:26,0
DA:33,0
DA:37,0
DA:38,0
DA:41,1
DA:45,0
DA:46,0
DA:54,1
LF:15
LH:7
BRF:0
BRH:0
end_of_record
TN:
SF:services\orderService.ts
FN:9,findAll
FN:34,findById
FN:55,createOne
FN:71,filterOrderByStatus
FN:103,createOrderProduct
FNF:5
FNH:0
FNDA:0,findAll
FNDA:0,findById
FNDA:0,createOne
FNDA:0,filterOrderByStatus
FNDA:0,createOrderProduct
DA:2,1
DA:5,1
DA:10,0
DA:35,0
DA:60,0
DA:67,0
DA:68,0
DA:77,0
DA:100,0
DA:109,0
DA:119,0
DA:120,0
DA:123,1
LF:13
LH:3
BRF:0
BRH:0
end_of_record
TN:
SF:services\sizeService.ts
FN:7,findAll
FN:11,createOne
FNF:2
FNH:0
FNDA:0,findAll
FNDA:0,createOne
DA:2,1
DA:8,0
DA:12,0
DA:13,0
DA:16,1
LF:5
LH:2
BRF:0
BRH:0
end_of_record
TN:
SF:services\userService.ts
FN:11,findAllUser
FN:21,findById
FN:25,findByEmail
FN:29,createUser
FN:34,deleteUser
FN:37,updateUserInfo
FN:46,createPermission
FN:51,findAllPermissions
FNF:8
FNH:0
FNDA:0,findAllUser
FNDA:0,findById
FNDA:0,findByEmail
FNDA:0,createUser
FNDA:0,deleteUser
FNDA:0,updateUserInfo
FNDA:0,createPermission
FNDA:0,findAllPermissions
DA:7,1
DA:9,1
DA:12,0
DA:22,0
DA:26,0
DA:30,0
DA:31,0
DA:35,0
DA:41,0
DA:47,0
DA:48,0
DA:52,0
DA:55,1
LF:13
LH:3
BRF:0
BRH:0
end_of_record
TN:
SF:test\db-server.ts
FN:4,connect
FN:11,(anonymous_10)
FN:11,(anonymous_11)
FN:17,(anonymous_12)
FN:17,(anonymous_13)
FNF:5
FNH:5
FNDA:1,connect
FNDA:1,(anonymous_10)
FNDA:1,(anonymous_11)
FNDA:1,(anonymous_12)
FNDA:1,(anonymous_13)
DA:1,1
DA:2,1
DA:5,1
DA:6,1
DA:8,1
DA:10,1
DA:11,1
DA:12,1
DA:13,1
DA:15,1
DA:17,1
DA:18,1
DA:20,1
DA:21,9
DA:22,9
DA:28,1
LF:16
LH:16
BRF:0
BRH:0
end_of_record
